This is pdfTeX, Version 3.14159265-2.6-1.40.21 (TeX Live 2020) (preloaded format=pdflatex 2020.5.15)  16 MAY 2020 17:02
entering extended mode
 restricted \write18 enabled.
 file:line:error style messages enabled.
 %&-line parsing enabled.
**tesis_en.tex
(./tesis_en.tex
LaTeX2e <2020-02-02> patch level 5
L3 programming layer <2020-03-06> (./tesis.cls
Document Class: tesis 1996/25/01 1.0g LaTeX document class (wm).
\hours=\count167
\minutes=\count168
(/usr/local/texlive/2020/texmf-dist/tex/latex/base/bk12.clo
File: bk12.clo 2019/12/20 v1.4l Standard LaTeX file (size option)
)
\c@part=\count169
\c@chapter=\count170
\c@section=\count171
\c@subsection=\count172
\c@subsubsection=\count173
\c@paragraph=\count174
\c@subparagraph=\count175
\beforechaptervspace=\skip47
\afterchaptervspace=\skip48
\exampleindent=\skip49
\c@figure=\count176
\c@table=\count177
\abovecaptionskip=\skip50
\belowcaptionskip=\skip51
\bibindent=\dimen134
)
(/usr/local/texlive/2020/texmf-dist/tex/latex/graphics/graphicx.sty
Package: graphicx 2019/11/30 v1.2a Enhanced LaTeX Graphics (DPC,SPQR)

(/usr/local/texlive/2020/texmf-dist/tex/latex/graphics/keyval.sty
Package: keyval 2014/10/28 v1.15 key=value parser (DPC)
\KV@toks@=\toks15
)
(/usr/local/texlive/2020/texmf-dist/tex/latex/graphics/graphics.sty
Package: graphics 2019/11/30 v1.4a Standard LaTeX Graphics (DPC,SPQR)

(/usr/local/texlive/2020/texmf-dist/tex/latex/graphics/trig.sty
Package: trig 2016/01/03 v1.10 sin cos tan (DPC)
)
(/usr/local/texlive/2020/texmf-dist/tex/latex/graphics-cfg/graphics.cfg
File: graphics.cfg 2016/06/04 v1.11 sample graphics configuration
)
Package graphics Info: Driver file: pdftex.def on input line 105.

(/usr/local/texlive/2020/texmf-dist/tex/latex/graphics-def/pdftex.def
File: pdftex.def 2018/01/08 v1.0l Graphics/color driver for pdftex
))
\Gin@req@height=\dimen135
\Gin@req@width=\dimen136
)
(/usr/local/texlive/2020/texmf-dist/tex/latex/base/inputenc.sty
Package: inputenc 2018/08/11 v1.3c Input encoding file
\inpenc@prehook=\toks16
\inpenc@posthook=\toks17
)
(/usr/local/texlive/2020/texmf-dist/tex/latex/pdflscape/pdflscape.sty
Package: pdflscape 2019/12/05 v0.12 Display of landscape pages in PDF (HO)

(/usr/local/texlive/2020/texmf-dist/tex/generic/iftex/iftex.sty
Package: iftex 2020/03/06 v1.0d TeX engine tests
)
(/usr/local/texlive/2020/texmf-dist/tex/latex/graphics/lscape.sty
Package: lscape 2000/10/22 v3.01 Landscape Pages (DPC)
)
Package pdflscape Info: Auto-detected driver: pdftex on input line 81.
)
(/usr/local/texlive/2020/texmf-dist/tex/generic/babel/babel.sty
Package: babel 2020/03/22 3.42 The Babel package

(/usr/local/texlive/2020/texmf-dist/tex/generic/babel/switch.def
File: switch.def 2020/03/22 3.42 Babel switching mechanism
)
(/usr/local/texlive/2020/texmf-dist/tex/generic/babel-spanish/spanish.ldf
Language: spanish.ldf 2016/03/03 v5.0p Spanish support from the babel system

(/usr/local/texlive/2020/texmf-dist/tex/generic/babel/babel.def
File: babel.def 2020/03/22 3.42 Babel common definitions
\babel@savecnt=\count178
\U@D=\dimen137

(/usr/local/texlive/2020/texmf-dist/tex/generic/babel/txtbabel.def)
\bbl@readstream=\read2
\bbl@dirlevel=\count179
)
\es@quottoks=\toks18
\es@quotdepth=\count180
Package babel Info: Making " an active character on input line 561.
Package babel Info: Making . an active character on input line 662.
Package babel Info: Making < an active character on input line 707.
Package babel Info: Making > an active character on input line 707.
))
(/usr/local/texlive/2020/texmf-dist/tex/latex/geometry/geometry.sty
Package: geometry 2020/01/02 v5.9 Page Geometry

(/usr/local/texlive/2020/texmf-dist/tex/generic/iftex/ifvtex.sty
Package: ifvtex 2019/10/25 v1.7 ifvtex legacy package. Use iftex instead.
)
\Gm@cnth=\count181
\Gm@cntv=\count182
\c@Gm@tempcnt=\count183
\Gm@bindingoffset=\dimen138
\Gm@wd@mp=\dimen139
\Gm@odd@mp=\dimen140
\Gm@even@mp=\dimen141
\Gm@layoutwidth=\dimen142
\Gm@layoutheight=\dimen143
\Gm@layouthoffset=\dimen144
\Gm@layoutvoffset=\dimen145
\Gm@dimlist=\toks19
)
(/usr/local/texlive/2020/texmf-dist/tex/latex/l3backend/l3backend-pdfmode.def
File: l3backend-pdfmode.def 2020-03-12 L3 backend support: PDF mode
\l__kernel_color_stack_int=\count184
\l__pdf_internal_box=\box45
)
(./tesis_en.aux
LaTeX Info: Redefining \. on input line 7.
LaTeX Info: Redefining \% on input line 7.
)
\openout1 = `tesis_en.aux'.

LaTeX Font Info:    Checking defaults for OML/cmm/m/it on input line 11.
LaTeX Font Info:    ... okay on input line 11.
LaTeX Font Info:    Checking defaults for OMS/cmsy/m/n on input line 11.
LaTeX Font Info:    ... okay on input line 11.
LaTeX Font Info:    Checking defaults for OT1/cmr/m/n on input line 11.
LaTeX Font Info:    ... okay on input line 11.
LaTeX Font Info:    Checking defaults for T1/cmr/m/n on input line 11.
LaTeX Font Info:    ... okay on input line 11.
LaTeX Font Info:    Checking defaults for TS1/cmr/m/n on input line 11.
LaTeX Font Info:    ... okay on input line 11.
LaTeX Font Info:    Checking defaults for OMX/cmex/m/n on input line 11.
LaTeX Font Info:    ... okay on input line 11.
LaTeX Font Info:    Checking defaults for U/cmr/m/n on input line 11.
LaTeX Font Info:    ... okay on input line 11.

(/usr/local/texlive/2020/texmf-dist/tex/context/base/mkii/supp-pdf.mkii
[Loading MPS to PDF converter (version 2006.09.02).]
\scratchcounter=\count185
\scratchdimen=\dimen146
\scratchbox=\box46
\nofMPsegments=\count186
\nofMParguments=\count187
\everyMPshowfont=\toks20
\MPscratchCnt=\count188
\MPscratchDim=\dimen147
\MPnumerator=\count189
\makeMPintoPDFobject=\count190
\everyMPtoPDFconversion=\toks21
) (/usr/local/texlive/2020/texmf-dist/tex/latex/epstopdf-pkg/epstopdf-base.sty
Package: epstopdf-base 2020-01-24 v2.11 Base part for package epstopdf
Package epstopdf-base Info: Redefining graphics rule for `.eps' on input line 4
85.

(/usr/local/texlive/2020/texmf-dist/tex/latex/latexconfig/epstopdf-sys.cfg
File: epstopdf-sys.cfg 2010/07/13 v1.3 Configuration of (r)epstopdf for TeX Liv
e
))
LaTeX Info: Redefining \. on input line 11.
LaTeX Info: Redefining \% on input line 11.

*geometry* driver: auto-detecting
*geometry* detected driver: pdftex
*geometry* verbose mode - [ preamble ] result:
* driver: pdftex
* paper: a4paper
* layout: <same size as paper>
* layoutoffset:(h,v)=(0.0pt,0.0pt)
* modes: 
* h-part:(L,W,R)=(85.35826pt, 426.79135pt, 85.35826pt)
* v-part:(T,H,B)=(99.58464pt, 645.87756pt, 99.58464pt)
* \paperwidth=597.50787pt
* \paperheight=845.04684pt
* \textwidth=426.79135pt
* \textheight=645.87756pt
* \oddsidemargin=13.08827pt
* \evensidemargin=13.08827pt
* \topmargin=-4.55914pt
* \headheight=12.0pt
* \headsep=19.8738pt
* \topskip=12.0pt
* \footskip=30.0pt
* \marginparwidth=38.0pt
* \marginparsep=7.0pt
* \columnsep=10.0pt
* \skip\footins=10.8pt plus 4.0pt minus 2.0pt
* \hoffset=0.0pt
* \voffset=0.0pt
* \mag=1000
* \@twocolumnfalse
* \@twosidefalse
* \@mparswitchfalse
* \@reversemarginfalse
* (1in=72.27pt=25.4mm, 1cm=28.453pt)

(./caratula.tex [1

{/usr/local/texlive/2020/texmf-var/fonts/map/pdftex/updmap/pdftex.map}]) (./tes
is_en.toc
LaTeX Info: Redefining \. on input line 1.
LaTeX Info: Redefining \% on input line 1.
LaTeX Font Info:    External font `cmex10' loaded for size
(Font)              <12> on input line 2.
LaTeX Font Info:    External font `cmex10' loaded for size
(Font)              <8> on input line 2.
LaTeX Font Info:    External font `cmex10' loaded for size
(Font)              <6> on input line 2.
)
\tf@toc=\write3
\openout3 = `tesis_en.toc'.

 [2


]
Cap\'{\i }tulo 1.

Underfull \hbox (badness 10000) in paragraph at lines 35--39

 []


Underfull \hbox (badness 10000) in paragraph at lines 35--39

 []


Underfull \hbox (badness 10000) in paragraph at lines 35--39

 []


Underfull \hbox (badness 10000) in paragraph at lines 35--39

 []

[1


]
Cap\'{\i }tulo 2.

Underfull \hbox (badness 10000) in paragraph at lines 41--44

 []


Underfull \hbox (badness 10000) in paragraph at lines 41--44

 []

[2

]
Cap\'{\i }tulo 3.

Underfull \hbox (badness 10000) in paragraph at lines 47--49

 []

[3

]
Cap\'{\i }tulo 4.
<tabla1.png, id=23, 1101.11375pt x 187.70125pt>
File: tabla1.png Graphic file (type png)
<use tabla1.png>
Package pdftex.def Info: tabla1.png  used on input line 80.
(pdftex.def)             Requested size: 396.40065pt x 67.57239pt.

Overfull \hbox (25.11073pt too wide) in paragraph at lines 75--83
[]\OT1/cmr/m/n/12 The first thing we will do is analy-ze the da-ta ob-tai-ned f
rom \OT1/cmr/m/it/12 https://www.datos.gob.ar/\OT1/cmr/m/n/12 .
 []


Underfull \hbox (badness 10000) in paragraph at lines 75--83

 []


Underfull \hbox (badness 10000) in paragraph at lines 75--83

 []


Underfull \hbox (badness 10000) in paragraph at lines 75--83

 []


Underfull \hbox (badness 10000) in paragraph at lines 75--83

 []


Underfull \hbox (badness 10000) in paragraph at lines 84--85

 []


Underfull \hbox (badness 10000) in paragraph at lines 84--85

 []

<mapa1.png, id=25, 1671.24374pt x 773.89125pt>
File: mapa1.png Graphic file (type png)
<use mapa1.png>
Package pdftex.def Info: mapa1.png  used on input line 88.
(pdftex.def)             Requested size: 501.377pt x 232.16916pt.
[4

 <./tabla1.png> <./mapa1.png>]
<mapa2.png, id=31, 1659.19875pt x 786.94pt>
File: mapa2.png Graphic file (type png)
<use mapa2.png>
Package pdftex.def Info: mapa2.png  used on input line 94.
(pdftex.def)             Requested size: 414.79868pt x 196.73451pt.
<mapa3.png, id=32, 1660.2025pt x 792.9625pt>
File: mapa3.png Graphic file (type png)
<use mapa3.png>
Package pdftex.def Info: mapa3.png  used on input line 99.
(pdftex.def)             Requested size: 415.0496pt x 198.24013pt.
LaTeX Info: Redefining \. on input line 100.
LaTeX Info: Redefining \% on input line 100.
 [5

 <./mapa2.png> <./mapa3.png>]
Underfull \hbox (badness 10000) in paragraph at lines 102--108

 []


Underfull \hbox (badness 10000) in paragraph at lines 102--108

 []


Underfull \hbox (badness 10000) in paragraph at lines 109--110

 []


Underfull \hbox (badness 10000) in paragraph at lines 109--110

 []

<tabla2.png, id=40, 1225.57875pt x 420.57124pt>
File: tabla2.png Graphic file (type png)
<use tabla2.png>
Package pdftex.def Info: tabla2.png  used on input line 113.
(pdftex.def)             Requested size: 490.22282pt x 168.22551pt.

Underfull \hbox (badness 10000) in paragraph at lines 114--118

 []

<mapa4.png, id=41, 587.19376pt x 552.0625pt>
File: mapa4.png Graphic file (type png)
<use mapa4.png>
Package pdftex.def Info: mapa4.png  used on input line 121.
(pdftex.def)             Requested size: 469.75565pt x 441.65059pt.
LaTeX Info: Redefining \. on input line 123.
LaTeX Info: Redefining \% on input line 123.
[6

 <./tabla2.png>]
Underfull \hbox (badness 10000) in paragraph at lines 123--124

 []

LaTeX Info: Redefining \. on input line 146.
LaTeX Info: Redefining \% on input line 146.
[7 <./mapa4.png>]
Cap\'{\i }tulo 5.
<tabla3.png, id=50, 147.55125pt x 297.11pt>
File: tabla3.png Graphic file (type png)
<use tabla3.png>
Package pdftex.def Info: tabla3.png  used on input line 151.
(pdftex.def)             Requested size: 73.77544pt x 148.55463pt.

Underfull \hbox (badness 10000) in paragraph at lines 147--152

 []


Underfull \hbox (badness 10000) in paragraph at lines 153--154

 []


Underfull \hbox (badness 10000) in paragraph at lines 153--154

 []

<mapa5.png, id=51, 1593.955pt x 788.9475pt>
File: mapa5.png Graphic file (type png)
<use mapa5.png>
Package pdftex.def Info: mapa5.png  used on input line 157.
(pdftex.def)             Requested size: 478.1902pt x 236.68607pt.
<mapa6.png, id=52, 1579.9025pt x 787.94376pt>
File: mapa6.png Graphic file (type png)
<use mapa6.png>
Package pdftex.def Info: mapa6.png  used on input line 161.
(pdftex.def)             Requested size: 473.97441pt x 236.38495pt.
<mapa7.png, id=53, 763.85374pt x 714.67pt>
File: mapa7.png Graphic file (type png)
<use mapa7.png>
Package pdftex.def Info: mapa7.png  used on input line 165.
(pdftex.def)             Requested size: 229.15788pt x 214.40265pt.
[8

 <./tabla3.png> <./mapa5.png>]
Underfull \hbox (badness 10000) in paragraph at lines 167--168

 []

<mapa8.png, id=59, 787.94376pt x 710.655pt>
File: mapa8.png Graphic file (type png)
<use mapa8.png>
Package pdftex.def Info: mapa8.png  used on input line 173.
(pdftex.def)             Requested size: 393.97092pt x 355.32663pt.
LaTeX Info: Redefining \. on input line 175.
LaTeX Info: Redefining \% on input line 175.
[9 <./mapa6.png> <./mapa7.png>]
LaTeX Info: Redefining \. on input line 175.
LaTeX Info: Redefining \% on input line 175.
 [10 <./mapa8.png>]
Underfull \hbox (badness 10000) in paragraph at lines 176--177

 []


Underfull \hbox (badness 10000) in paragraph at lines 176--177

 []

<mapa9.png, id=69, 1038.88126pt x 684.5575pt>
File: mapa9.png Graphic file (type png)
<use mapa9.png>
Package pdftex.def Info: mapa9.png  used on input line 181.
(pdftex.def)             Requested size: 467.49225pt x 308.04802pt.
<mapa10.png, id=70, 740.7675pt x 700.6175pt>
File: mapa10.png Graphic file (type png)
<use mapa10.png>
Package pdftex.def Info: mapa10.png  used on input line 186.
(pdftex.def)             Requested size: 296.30174pt x 280.24203pt.
LaTeX Info: Redefining \. on input line 188.
LaTeX Info: Redefining \% on input line 188.
[11 <./mapa9.png> <./mapa10.png>]
Cap\'{\i }tulo 6.

Underfull \hbox (badness 10000) in paragraph at lines 189--190

 []


Underfull \hbox (badness 10000) in paragraph at lines 191--192

 []


Underfull \hbox (badness 10000) in paragraph at lines 191--192

 []

<moron.png, id=77, 331.2375pt x 334.24875pt>
File: moron.png Graphic file (type png)
<use moron.png>
Package pdftex.def Info: moron.png  used on input line 195.
(pdftex.def)             Requested size: 165.61833pt x 167.12396pt.
<mapa11.png, id=78, 1548.78625pt x 798.985pt>
File: mapa11.png Graphic file (type png)
<use mapa11.png>
Package pdftex.def Info: mapa11.png  used on input line 203.
(pdftex.def)             Requested size: 464.63947pt x 239.69734pt.
[12

 <./moron.png>]
Underfull \hbox (badness 10000) in paragraph at lines 205--206

 []


Underfull \hbox (badness 10000) in paragraph at lines 205--206

 []


Underfull \hbox (badness 10000) in paragraph at lines 207--208

 []

<mapa12.png, id=83, 868.24374pt x 769.87625pt>
File: mapa12.png Graphic file (type png)
<use mapa12.png>
Package pdftex.def Info: mapa12.png  used on input line 211.
(pdftex.def)             Requested size: 303.88986pt x 269.46072pt.
LaTeX Info: Redefining \. on input line 213.
LaTeX Info: Redefining \% on input line 213.
[13 <./mapa11.png> <./mapa12.png>]
Cap\'{\i }tulo 7.

Underfull \hbox (badness 10000) in paragraph at lines 214--219

 []

[14

]
Cap\'{\i }tulo 8.

Underfull \hbox (badness 10000) in paragraph at lines 224--225

 []


Underfull \hbox (badness 10000) in paragraph at lines 226--227

 []


Underfull \hbox (badness 10000) in paragraph at lines 228--229

 []


Underfull \hbox (badness 10000) in paragraph at lines 230--231

 []

[15

]
Cap\'{\i }tulo 9.
[16

] (./tesis_en.aux
LaTeX Info: Redefining \. on input line 7.
LaTeX Info: Redefining \% on input line 7.
) ) 
Here is how much of TeX's memory you used:
 3049 strings out of 480608
 42861 string characters out of 5903630
 299716 words of memory out of 5000000
 18934 multiletter control sequences out of 15000+600000
 537891 words of font info for 42 fonts, out of 8000000 for 9000
 1141 hyphenation exceptions out of 8191
 30i,8n,35p,324b,363s stack positions out of 5000i,500n,10000p,200000b,80000s
</usr/local/texlive/2020/texmf-dist/fonts/type1/public/amsfonts/cm/cmbx12.pf
b></usr/local/texlive/2020/texmf-dist/fonts/type1/public/amsfonts/cm/cmmi12.pfb
></usr/local/texlive/2020/texmf-dist/fonts/type1/public/amsfonts/cm/cmr12.pfb><
/usr/local/texlive/2020/texmf-dist/fonts/type1/public/amsfonts/cm/cmr17.pfb></u
sr/local/texlive/2020/texmf-dist/fonts/type1/public/amsfonts/cm/cmsl10.pfb></us
r/local/texlive/2020/texmf-dist/fonts/type1/public/amsfonts/cm/cmti12.pfb>
Output written on tesis_en.pdf (18 pages, 29039640 bytes).
PDF statistics:
 119 PDF objects out of 1000 (max. 8388607)
 60 compressed objects within 1 object stream
 0 named destinations out of 1000 (max. 500000)
 81 words of extra memory for PDF output out of 10000 (max. 10000000)

